<?xml version="1.0" encoding="UTF-8"?>
<beans xmlns="http://www.springframework.org/schema/beans"
	xmlns:xsi="http://www.w3.org/2001/XMLSchema-instance"
	xmlns:jaxws="http://cxf.apache.org/jaxws"
	xsi:schemaLocation="
http://www.springframework.org/schema/beans http://www.springframework.org/schema/beans/spring-beans.xsd
http://cxf.apache.org/jaxws http://cxf.apache.org/schemas/jaxws.xsd">


    <bean id="agent-service" class="org.drools.mas.SynchronousDroolsAgentServiceImpl">
        <property name="agent" ref="agent"/>
    </bean>  
    
    <bean id="agent1-session1" class="org.drools.mas.core.DroolsAgentConfiguration$SubSessionDescriptor">
        <constructor-arg value="session1"/>
        <constructor-arg value="agent_defSession_changeset.xml"/>
        <constructor-arg value="local-agent1"/>
    </bean>  
   
    <bean id="agent1-configuration" class="org.drools.mas.core.DroolsAgentConfiguration">
        <property name="agentId" value="emergency-agent"/>
        <property name="changeset" value="agent_changeset.xml" />
        <!-- by default the mindNodeLocation is local --> 
        <property name="mindNodeLocation" value="local-agent1"/>
        <property name="port" value="8234"/>
        <property name="subSessions">
            <list>
                <ref local="agent1-session1"/>
            </list>
        </property>
    </bean>

    <bean id="agent-factory" class="org.drools.mas.core.DroolsAgentFactory" factory-method="getInstance"/>
  
    <bean id="agent" class="org.drools.mas.core.DroolsAgent" factory-bean="agent-factory" factory-method="spawn" destroy-method="dispose">
        <constructor-arg ref="agent1-configuration"/>
    </bean>

</beans>
